                                    Table "public.rentals"
+---------------+---------+-----------+----------+--------------------------------------------+
|    Column     |  Type   | Collation | Nullable |                  Default                   |
+---------------+---------+-----------+----------+--------------------------------------------+
| rental_id     | integer |           | not null | nextval('rentals_rental_id_seq'::regclass) |
| customer_id   | integer |           | not null |                                            |
| bike_id       | integer |           | not null |                                            |
| date_rented   | date    |           | not null | now()                                      |
| date_returned | date    |           |          |                                            |
+---------------+---------+-----------+----------+--------------------------------------------+
Indexes:
    "rentals_pkey" PRIMARY KEY, btree (rental_id)
Foreign-key constraints:
    "rentals_bike_id_fkey" FOREIGN KEY (bike_id) REFERENCES bikes(bike_id)
    "rentals_customer_id_fkey" FOREIGN KEY (customer_id) REFERENCES customers(customer_id)

                                  
+-----------+-------------+---------+-------------+---------------+
| rental_id | customer_id | bike_id | date_rented | date_returned |
+-----------+-------------+---------+-------------+---------------+
|         1 |           1 |       1 | 2026-01-03  |               |
|         2 |           1 |       2 | 2026-01-03  |               |
|         3 |           2 |       3 | 2026-01-03  |               |
|         5 |           1 |       5 | 2026-01-03  |               |
|         6 |           1 |       6 | 2026-01-03  |               |
|         7 |           3 |       7 | 2026-01-03  |               |
|         8 |           3 |       8 | 2026-01-03  |               |
|         4 |           1 |       4 | 2026-01-03  | 2026-01-03    |
+-----------+-------------+---------+-------------+---------------+
(8 rows)

                     
+---------+----------+------+-----------+
| bike_id |   type   | size | available |
+---------+----------+------+-----------+
|       1 | Mountain |   27 | f         |
|       2 | Mountain |   28 | f         |
|       3 | Mountain |   29 | f         |
|       4 | Road     |   27 | t         |
|       5 | Road     |   28 | f         |
|       6 | Road     |   29 | f         |
|       7 | BMX      |   19 | f         |
|       8 | BMX      |   20 | f         |
|       9 | BMX      |   21 | t         |
+---------+----------+------+-----------+
(9 rows)

                     
+-------------+----------+--------------+
| customer_id |  phone   |     name     |
+-------------+----------+--------------+
|           1 | 555-5555 | Me           |
|           2 | 325-3636 | larry wheels |
|           3 | 000-0000 | Test         |
|           4 | 420-6969 | Mike ocks    |
+-------------+----------+--------------+
(4 rows)

                                 List of databases
+-----------+--------------+----------+---------+---------+-----------------------+
|   Name    |    Owner     | Encoding | Collate |  Ctype  |   Access privileges   |
+-----------+--------------+----------+---------+---------+-----------------------+
| bikes     | freecodecamp | UTF8     | C.UTF-8 | C.UTF-8 |                       |
| postgres  | postgres     | UTF8     | C.UTF-8 | C.UTF-8 |                       |
| template0 | postgres     | UTF8     | C.UTF-8 | C.UTF-8 | =c/postgres          +|
|           |              |          |         |         | postgres=CTc/postgres |
| template1 | postgres     | UTF8     | C.UTF-8 | C.UTF-8 | =c/postgres          +|
|           |              |          |         |         | postgres=CTc/postgres |
+-----------+--------------+----------+---------+---------+-----------------------+
(4 rows)

